<?xml version="1.0" encoding="UTF-8"?>
<!-- Generated by org.testng.reporters.JUnitReportReporter -->
<testsuite hostname="WIN-GLF10487UOQ" failures="0" tests="4" name="com.sddevops.selenium2_maven.eclipse.JulieTest" time="17.332" errors="0" timestamp="15 Oct 2022 16:03:36 GMT">
  <testcase classname="com.sddevops.selenium2_maven.eclipse.JulieTest" name="findByClassName" time="7.999"/>
  <testcase classname="com.sddevops.selenium2_maven.eclipse.JulieTest" name="findByName" time="2.740"/>
  <testcase classname="com.sddevops.selenium2_maven.eclipse.JulieTest" name="findById" time="3.058"/>
  <testcase classname="com.sddevops.selenium2_maven.eclipse.JulieTest" name="testHomeSearch" time="3.535"/>
</testsuite> <!-- com.sddevops.selenium2_maven.eclipse.JulieTest -->
