<?xml version="1.0" encoding="UTF-8"?>
<!-- Generated by org.testng.reporters.JUnitReportReporter -->
<testsuite hostname="WIN-GLF10487UOQ" failures="0" tests="3" name="com.sddevops.selenium2_maven.eclipse.JulieTest" time="127.717" errors="0" timestamp="15 Oct 2022 19:51:08 GMT">
  <testcase classname="com.sddevops.selenium2_maven.eclipse.JulieTest" name="findByClassName" time="43.669"/>
  <testcase classname="com.sddevops.selenium2_maven.eclipse.JulieTest" name="findById" time="44.078"/>
  <testcase classname="com.sddevops.selenium2_maven.eclipse.JulieTest" name="findByName" time="39.970"/>
</testsuite> <!-- com.sddevops.selenium2_maven.eclipse.JulieTest -->
