<?xml version="1.0" encoding="UTF-8"?>
<!-- Generated by org.testng.reporters.JUnitReportReporter -->
<testsuite hostname="WIN-GLF10487UOQ" failures="0" tests="3" name="com.sddevops.selenium2_maven.eclipse.JulieTest" time="126.635" errors="0" timestamp="15 Oct 2022 19:35:16 GMT">
  <testcase classname="com.sddevops.selenium2_maven.eclipse.JulieTest" name="findById" time="40.013"/>
  <testcase classname="com.sddevops.selenium2_maven.eclipse.JulieTest" name="findByName" time="40.449"/>
  <testcase classname="com.sddevops.selenium2_maven.eclipse.JulieTest" name="findByClassName" time="46.173"/>
</testsuite> <!-- com.sddevops.selenium2_maven.eclipse.JulieTest -->
