<?xml version="1.0" encoding="UTF-8"?>
<!-- Generated by org.testng.reporters.JUnitReportReporter -->
<testsuite hostname="WIN-GLF10487UOQ" failures="0" tests="1" name="com.sddevops.selenium2_maven.eclipse.AppTest" time="0.002" errors="0" timestamp="15 Oct 2022 16:03:36 GMT">
  <testcase classname="com.sddevops.selenium2_maven.eclipse.AppTest" name="shouldAnswerWithTrue" time="0.002"/>
</testsuite> <!-- com.sddevops.selenium2_maven.eclipse.AppTest -->
