<?xml version="1.0" encoding="UTF-8"?>
<!-- Generated by org.testng.reporters.JUnitReportReporter -->
<testsuite hostname="WIN-GLF10487UOQ" failures="0" tests="4" name="com.sddevops.selenium2_maven.eclipse.JulieTest" time="16.265" errors="0" timestamp="15 Oct 2022 18:55:39 GMT">
  <testcase classname="com.sddevops.selenium2_maven.eclipse.JulieTest" name="testHomeSearch" time="3.212"/>
  <testcase classname="com.sddevops.selenium2_maven.eclipse.JulieTest" name="findById" time="2.955"/>
  <testcase classname="com.sddevops.selenium2_maven.eclipse.JulieTest" name="findByClassName" time="7.354"/>
  <testcase classname="com.sddevops.selenium2_maven.eclipse.JulieTest" name="findByName" time="2.744"/>
</testsuite> <!-- com.sddevops.selenium2_maven.eclipse.JulieTest -->
