<?xml version="1.0" encoding="UTF-8"?>
<!-- Generated by org.testng.reporters.JUnitReportReporter -->
<testsuite hostname="WIN-GLF10487UOQ" failures="0" tests="4" name="com.sddevops.selenium2_maven.eclipse.JulieTest" time="164.323" errors="0" timestamp="15 Oct 2022 15:26:19 GMT">
  <testcase classname="com.sddevops.selenium2_maven.eclipse.JulieTest" name="findByName" time="41.194"/>
  <testcase classname="com.sddevops.selenium2_maven.eclipse.JulieTest" name="findByClassName" time="42.748"/>
  <testcase classname="com.sddevops.selenium2_maven.eclipse.JulieTest" name="findById" time="39.964"/>
  <testcase classname="com.sddevops.selenium2_maven.eclipse.JulieTest" name="testHomeSearch" time="40.417"/>
</testsuite> <!-- com.sddevops.selenium2_maven.eclipse.JulieTest -->
